Peak memory usage: 7951 MB
Analysis results for optimized_min_vars.modest

+ State space exploration
  Min. state size:    80 bytes
  States:             2119230
  Transitions:        2119230
  Branches:           4186830
  Rate:               3568 states/s
  Peak memory:        7161.05 MB
  Final size:         80.05 MB
  Size on disk:       8.16 MB
  Time (exploration): 593.9 s
  Time (merging):     0.0 s

+ Property neverGeneratesFlitsForSelf0
  Result: True
  Time:   0.0 s

+ Property neverGeneratesFlitsForSelf1
  Result: True
  Time:   0.0 s

+ Property neverGeneratesFlitsForSelf2
  Result: True
  Time:   0.0 s

+ Property neverGeneratesFlitsForSelf3
  Result: True
  Time:   0.0 s

+ Property r0LocalEmpty
  Result: True
  Time:   0.0 s

+ Property r1LocalEmpty
  Result: True
  Time:   0.0 s

+ Property r2LocalEmpty
  Result: True
  Time:   0.0 s

+ Property r3LocalEmpty
  Result: True
  Time:   0.0 s

+ Property r0NorthEmpty
  Result: True
  Time:   0.0 s

+ Property r1NorthEmpty
  Result: True
  Time:   0.0 s

+ Property r2NorthEmpty
  Result: False
  Time:   0.0 s

+ Property r3NorthEmpty
  Result: False
  Time:   0.0 s

+ Property r0EastEmpty
  Result: True
  Time:   0.0 s

+ Property r1EastEmpty
  Result: True
  Time:   0.0 s

+ Property r2EastEmpty
  Result: True
  Time:   0.0 s

+ Property r3EastEmpty
  Result: True
  Time:   0.0 s

+ Property r0SouthEmpty
  Result: False
  Time:   0.0 s

+ Property r1SouthEmpty
  Result: False
  Time:   0.0 s

+ Property r2SouthEmpty
  Result: True
  Time:   0.0 s

+ Property r3SouthEmpty
  Result: True
  Time:   0.0 s

+ Property r0WestEmpty
  Result: True
  Time:   0.0 s

+ Property r1WestEmpty
  Result: True
  Time:   0.0 s

+ Property r2WestEmpty
  Result: True
  Time:   0.0 s

+ Property r3WestEmpty
  Result: True
  Time:   0.0 s

+ Property r0IsReset
  Result: False
  Time:   0.0 s
